<?xml version="1.0" encoding="UTF-8"?>
<!-- Generated by org.testng.reporters.JUnitReportReporter -->
<testsuite hostname="DESKTOP-8LBOF3B" failures="0" tests="3" name="pactice.TestNG.getProductInfoTest" time="34.363" errors="0" timestamp="2025-05-23T16:00:35 IST" skipped="0">
  <testcase classname="pactice.TestNG.getProductInfoTest" name="getProductInfoTest" time="11.280"/>
  <testcase classname="pactice.TestNG.getProductInfoTest" name="getProductInfoTest" time="11.987"/>
  <testcase classname="pactice.TestNG.getProductInfoTest" name="getProductInfoTest" time="11.096"/>
</testsuite> <!-- pactice.TestNG.getProductInfoTest -->
